<?xml version="1.0" encoding="UTF-8"?>
<!-- Generated by org.testng.reporters.JUnitReportReporter -->
<testsuite hostname="Radhagobinda" failures="0" tests="1" name="testscripts.Testcase1" time="10.334" errors="0" timestamp="2023-06-18T11:54:39 IST" skipped="0">
  <testcase classname="testscripts.Testcase1" name="tc1" time="10.334"/>
  <system-out/>
</testsuite> <!-- testscripts.Testcase1 -->
